Flow report for MSXInterfacev17
Sat Jul 22 09:49:14 2017
Quartus II 64-Bit Version 13.0.1 Build 232 06/12/2013 Service Pack 1 SJ Web Edition


---------------------
; Table of Contents ;
---------------------
  1. Legal Notice
  2. Flow Summary
  3. Flow Settings
  4. Flow Non-Default Global Settings
  5. Flow Elapsed Time
  6. Flow OS Summary
  7. Flow Log
  8. Flow Messages
  9. Flow Suppressed Messages



----------------
; Legal Notice ;
----------------
Copyright (C) 1991-2013 Altera Corporation
Your use of Altera Corporation's design tools, logic functions 
and other software and tools, and its AMPP partner logic 
functions, and any output files from any of the foregoing 
(including device programming or simulation files), and any 
associated documentation or information are expressly subject 
to the terms and conditions of the Altera Program License 
Subscription Agreement, Altera MegaCore Function License 
Agreement, or other applicable license agreement, including, 
without limitation, that your use is for the sole purpose of 
programming logic devices manufactured by Altera and sold by 
Altera or its authorized distributors.  Please refer to the 
applicable agreement for further details.



+-----------------------------------------------------------------------------+
; Flow Summary                                                                ;
+---------------------------+-------------------------------------------------+
; Flow Status               ; Successful - Sat Jul 22 09:49:07 2017           ;
; Quartus II 64-Bit Version ; 13.0.1 Build 232 06/12/2013 SP 1 SJ Web Edition ;
; Revision Name             ; MSXInterfacev17                                 ;
; Top-level Entity Name     ; MSXInterface                                    ;
; Family                    ; MAX3000A                                        ;
; Device                    ; EPM3064ALC44-10                                 ;
; Timing Models             ; Final                                           ;
; Total macrocells          ; 48 / 64 ( 75 % )                                ;
; Total pins                ; 30 / 34 ( 88 % )                                ;
+---------------------------+-------------------------------------------------+


+-----------------------------------------+
; Flow Settings                           ;
+-------------------+---------------------+
; Option            ; Setting             ;
+-------------------+---------------------+
; Start date & time ; 07/22/2017 09:48:52 ;
; Main task         ; Compilation         ;
; Revision Name     ; MSXInterfacev17     ;
+-------------------+---------------------+


+-----------------------------------------------------------------------------------------------------------------+
; Flow Non-Default Global Settings                                                                                ;
+------------------------------------+-------------------------------+-----------------+-------------+------------+
; Assignment Name                    ; Value                         ; Default Value   ; Entity Name ; Section Id ;
+------------------------------------+-------------------------------+-----------------+-------------+------------+
; ALM_REGISTER_PACKING_EFFORT        ; High                          ; Medium          ; --          ; --         ;
; AUTO_PARALLEL_EXPANDERS            ; Off                           ; On              ; --          ; --         ;
; COMPILER_SIGNATURE_ID              ; 8796761971725.150074213202128 ; --              ; --          ; --         ;
; FITTER_EFFORT                      ; Standard Fit                  ; Auto Fit        ; --          ; --         ;
; LIMIT_AHDL_INTEGERS_TO_32_BITS     ; On                            ; Off             ; --          ; --         ;
; MAX7000_OPTIMIZATION_TECHNIQUE     ; Area                          ; Speed           ; --          ; --         ;
; MAX_LABS                           ; 20                            ; -1 (Unlimited)  ; --          ; --         ;
; OPTIMIZE_HOLD_TIMING               ; Off                           ; --              ; --          ; --         ;
; OPTIMIZE_MULTI_CORNER_TIMING       ; On                            ; Off             ; --          ; --         ;
; SAFE_STATE_MACHINE                 ; On                            ; Off             ; --          ; --         ;
; STATE_MACHINE_PROCESSING           ; Minimal Bits                  ; Auto            ; --          ; --         ;
; SYNTH_TIMING_DRIVEN_SYNTHESIS      ; Off                           ; --              ; --          ; --         ;
; TOP_LEVEL_ENTITY                   ; MSXInterface                  ; MSXInterfacev17 ; --          ; --         ;
; USE_GENERATED_PHYSICAL_CONSTRAINTS ; Off                           ; --              ; --          ; eda_palace ;
+------------------------------------+-------------------------------+-----------------+-------------+------------+


+-------------------------------------------------------------------------------------------------------------------------------+
; Flow Elapsed Time                                                                                                             ;
+---------------------------+--------------+-------------------------+---------------------+------------------------------------+
; Module Name               ; Elapsed Time ; Average Processors Used ; Peak Virtual Memory ; Total CPU Time (on all processors) ;
+---------------------------+--------------+-------------------------+---------------------+------------------------------------+
; Analysis & Synthesis      ; 00:00:07     ; 1.0                     ; 462 MB              ; 00:00:06                           ;
; Fitter                    ; 00:00:04     ; 1.0                     ; 459 MB              ; 00:00:02                           ;
; Assembler                 ; 00:00:02     ; 1.0                     ; 375 MB              ; 00:00:01                           ;
; TimeQuest Timing Analyzer ; 00:00:04     ; 1.0                     ; 356 MB              ; 00:00:03                           ;
; Total                     ; 00:00:17     ; --                      ; --                  ; 00:00:12                           ;
+---------------------------+--------------+-------------------------+---------------------+------------------------------------+


+----------------------------------------------------------------------------------------+
; Flow OS Summary                                                                        ;
+---------------------------+------------------+-----------+------------+----------------+
; Module Name               ; Machine Hostname ; OS Name   ; OS Version ; Processor type ;
+---------------------------+------------------+-----------+------------+----------------+
; Analysis & Synthesis      ; VBOXW7-PC        ; Windows 7 ; 6.1        ; x86_64         ;
; Fitter                    ; VBOXW7-PC        ; Windows 7 ; 6.1        ; x86_64         ;
; Assembler                 ; VBOXW7-PC        ; Windows 7 ; 6.1        ; x86_64         ;
; TimeQuest Timing Analyzer ; VBOXW7-PC        ; Windows 7 ; 6.1        ; x86_64         ;
+---------------------------+------------------+-----------+------------+----------------+


------------
; Flow Log ;
------------
quartus_map --read_settings_files=on --write_settings_files=off MSX_Interface -c MSXInterfacev17
quartus_fit --read_settings_files=off --write_settings_files=off MSX_Interface -c MSXInterfacev17
quartus_asm --read_settings_files=off --write_settings_files=off MSX_Interface -c MSXInterfacev17
quartus_sta MSX_Interface -c MSXInterfacev17



